2018-12-07 18:35:51 [] -Starting RedisTest on weifengdeMacBook-Pro.local with PID 4767 (started by wuwf in /Users/wuwf/Downloads/胖子/SoltripTravelMember)
2018-12-07 18:35:51 [] -The following profiles are active: test
2018-12-07 18:35:52 [] -HV000001: Hibernate Validator 5.3.6.Final
2018-12-07 18:35:52 [] -Refreshing org.springframework.web.context.support.GenericWebApplicationContext@2a7ed1f: startup date [Fri Dec 07 18:35:52 CST 2018]; root of context hierarchy
2018-12-07 18:35:54 [] -Multiple Spring Data modules found, entering strict repository configuration mode!
2018-12-07 18:35:55 [] -Bean 'org.springframework.transaction.annotation.ProxyTransactionManagementConfiguration' of type [org.springframework.transaction.annotation.ProxyTransactionManagementConfiguration$$EnhancerBySpringCGLIB$$dab54d44] is not eligible for getting processed by all BeanPostProcessors (for example: not eligible for auto-proxying)
2018-12-07 18:35:55 [] -Bean 'redisConfigurer' of type [com.s.t.m.common.core.configurer.RedisConfigurer$$EnhancerBySpringCGLIB$$3a43f5bd] is not eligible for getting processed by all BeanPostProcessors (for example: not eligible for auto-proxying)
2018-12-07 18:35:55 [] -Bean 'keyGenerator' of type [com.s.t.m.common.core.configurer.RedisConfigurer$1] is not eligible for getting processed by all BeanPostProcessors (for example: not eligible for auto-proxying)
2018-12-07 18:35:55 [] -Bean 'org.springframework.cache.annotation.ProxyCachingConfiguration' of type [org.springframework.cache.annotation.ProxyCachingConfiguration$$EnhancerBySpringCGLIB$$23c78362] is not eligible for getting processed by all BeanPostProcessors (for example: not eligible for auto-proxying)
2018-12-07 18:35:56 [] -SpringTemplateLoader for FreeMarker: using resource loader [org.springframework.web.context.support.GenericWebApplicationContext@2a7ed1f: startup date [Fri Dec 07 18:35:52 CST 2018]; root of context hierarchy] and template loader path [classpath:/templates/]
2018-12-07 18:35:56 [] -ClassTemplateLoader for Spring macros added to FreeMarker configuration
2018-12-07 18:35:58 [] -Mapped "{[/api/v1/user/getUserEmployee],methods=[POST]}" onto public com.s.t.m.project.entity.api.EmployeeResult com.s.t.m.project.controller.MMemberController.getUserEmployee(com.s.t.m.project.entity.api.EmployeeParm,org.springframework.validation.BindingResult)
2018-12-07 18:35:58 [] -Mapped "{[/api/v1/user/getAccoutBookInfo],methods=[POST]}" onto public com.s.t.m.project.entity.api.UnitAccountPairResult com.s.t.m.project.controller.MMemberController.getUnitAccountCodeList(com.s.t.m.project.entity.api.UnitAccountPairParm)
2018-12-07 18:35:58 [] -Mapped "{[/api/v1/user/auth],methods=[POST]}" onto public com.s.t.m.project.entity.api.APIAuthResult com.s.t.m.project.controller.MMemberController.authAccount(com.s.t.m.project.entity.api.APIAuthParm)
2018-12-07 18:35:58 [] -Mapped "{[/api/v1/user/validate],methods=[POST]}" onto public com.s.t.m.project.entity.api.APIValidateResult com.s.t.m.project.controller.MMemberController.validateCellPhone(com.s.t.m.project.entity.api.APIValidateParam)
2018-12-07 18:35:58 [] -Mapped "{[/api/v1/user/modifyPassword],methods=[POST]}" onto public com.s.t.m.project.entity.api.APIModifyPasswordResult com.s.t.m.project.controller.MMemberController.modifyPassword(com.s.t.m.project.entity.api.APIModifyPasswordParam)
2018-12-07 18:35:58 [] -Mapped "{[/api/v1/user/search],methods=[POST]}" onto public com.s.t.m.project.entity.api.APISearchResult com.s.t.m.project.controller.MMemberController.searchEmployee(com.s.t.m.project.entity.api.APISearchParam)
2018-12-07 18:35:58 [] -Mapped "{[/api/v1/user/getInfo],methods=[POST]}" onto public com.s.t.m.project.entity.api.APIGetInfoResult com.s.t.m.project.controller.MMemberController.searchEmployeeInfo(com.s.t.m.project.entity.api.APIGetInfoParam)
2018-12-07 18:35:58 [] -Mapped "{[/api/v1/tripstandard/get],methods=[POST]}" onto public com.s.t.m.project.entity.api.APITripsTandardResult com.s.t.m.project.controller.MMemberController.tripsTandard(com.s.t.m.project.entity.api.APITripsTandardPram)
2018-12-07 18:35:58 [] -Mapped "{[/api/v1/approver/list],methods=[POST]}" onto public com.s.t.m.project.entity.api.APIApproverResult com.s.t.m.project.controller.MMemberController.searchApprover(com.s.t.m.project.entity.api.APIApproverParm)
2018-12-07 18:35:58 [] -Mapped "{[/api/v1/budget/get],methods=[POST]}" onto public com.s.t.m.project.entity.api.APIBudgetResult com.s.t.m.project.controller.MMemberController.searchCompanyBudget(com.s.t.m.project.entity.api.APIBudgetParm)
2018-12-07 18:35:58 [] -Mapped "{[/log/remove],methods=[POST]}" onto public com.s.t.m.common.result.JsonResult<?> com.s.t.m.sys.controller.LogController.remove(com.s.t.m.common.pojo.IdEntity) throws java.lang.Exception
2018-12-07 18:35:58 [] -Mapped "{[/log/list],methods=[POST]}" onto public com.s.t.m.common.result.JsonResult<com.github.pagehelper.PageInfo<com.s.t.m.sys.entity.LogEntity>> com.s.t.m.sys.controller.LogController.list(com.s.t.m.sys.entity.LogEntity) throws java.lang.Exception
2018-12-07 18:35:58 [] -Mapped "{[/log/batchRemove],methods=[POST]}" onto public com.s.t.m.common.result.JsonResult<?> com.s.t.m.sys.controller.LogController.batchRemove(com.s.t.m.common.pojo.IdEntity) throws java.lang.Exception
2018-12-07 18:35:58 [] -Mapped "{[/v2/api-docs],methods=[GET],produces=[application/json || application/hal+json]}" onto public org.springframework.http.ResponseEntity<springfox.documentation.spring.web.json.Json> springfox.documentation.swagger2.web.Swagger2Controller.getDocumentation(java.lang.String,javax.servlet.http.HttpServletRequest)
2018-12-07 18:35:58 [] -Mapped "{[/configuration/security]}" onto org.springframework.http.ResponseEntity<springfox.documentation.swagger.web.SecurityConfiguration> springfox.documentation.swagger.web.ApiResourceController.securityConfiguration()
2018-12-07 18:35:58 [] -Mapped "{[/configuration/ui]}" onto org.springframework.http.ResponseEntity<springfox.documentation.swagger.web.UiConfiguration> springfox.documentation.swagger.web.ApiResourceController.uiConfiguration()
2018-12-07 18:35:58 [] -Mapped "{[/swagger-resources]}" onto org.springframework.http.ResponseEntity<java.util.List<springfox.documentation.swagger.web.SwaggerResource>> springfox.documentation.swagger.web.ApiResourceController.swaggerResources()
2018-12-07 18:35:58 [] -Mapped "{[/v2/api-docs-ext],methods=[GET],produces=[application/json || application/hal+json]}" onto public org.springframework.http.ResponseEntity<springfox.documentation.spring.web.json.Json> com.github.xiaoymin.swaggerbootstrapui.web.SwaggerBootstrapUiController.apiSorts(java.lang.String,javax.servlet.http.HttpServletRequest)
2018-12-07 18:35:58 [] -Mapped "{[/error]}" onto public org.springframework.http.ResponseEntity<java.util.Map<java.lang.String, java.lang.Object>> org.springframework.boot.autoconfigure.web.BasicErrorController.error(javax.servlet.http.HttpServletRequest)
2018-12-07 18:35:58 [] -Mapped "{[/error],produces=[text/html]}" onto public org.springframework.web.servlet.ModelAndView org.springframework.boot.autoconfigure.web.BasicErrorController.errorHtml(javax.servlet.http.HttpServletRequest,javax.servlet.http.HttpServletResponse)
2018-12-07 18:35:59 [] -Mapped URL path [/webjars/**] onto handler of type [class org.springframework.web.servlet.resource.ResourceHttpRequestHandler]
2018-12-07 18:35:59 [] -Mapped URL path [/doc.html] onto handler of type [class org.springframework.web.servlet.resource.ResourceHttpRequestHandler]
2018-12-07 18:35:59 [] -Looking for @ControllerAdvice: org.springframework.web.context.support.GenericWebApplicationContext@2a7ed1f: startup date [Fri Dec 07 18:35:52 CST 2018]; root of context hierarchy
2018-12-07 18:35:59 [] -Detected @ExceptionHandler methods in exceptionHandle
2018-12-07 18:36:02 [] -Context refreshed
2018-12-07 18:36:02 [] -Found 1 custom documentation plugin(s)
2018-12-07 18:36:02 [] -Scanning for api listing references
2018-12-07 18:36:03 [] -服务器启动成功！<<<<使用ApplicationRunner接口生成秘钥对>>>>
2018-12-07 18:36:03 [] -Started RedisTest in 12.3 seconds (JVM running for 13.548)
2018-12-07 18:36:05 [] -Neither @ContextConfiguration nor @ContextHierarchy found for test class [code.example.test.DemoApplicationTests], using SpringBootContextLoader
2018-12-07 18:36:05 [] -Could not detect default resource locations for test class [code.example.test.DemoApplicationTests]: no resource found for suffixes {-context.xml, Context.groovy}.
2018-12-07 18:36:05 [] -Loaded default TestExecutionListener class names from location [META-INF/spring.factories]: [org.springframework.boot.test.mock.mockito.MockitoTestExecutionListener, org.springframework.boot.test.mock.mockito.ResetMocksTestExecutionListener, org.springframework.boot.test.autoconfigure.restdocs.RestDocsTestExecutionListener, org.springframework.boot.test.autoconfigure.web.client.MockRestServiceServerResetTestExecutionListener, org.springframework.boot.test.autoconfigure.web.servlet.MockMvcPrintOnlyOnFailureTestExecutionListener, org.springframework.boot.test.autoconfigure.web.servlet.WebDriverTestExecutionListener, org.springframework.test.context.web.ServletTestExecutionListener, org.springframework.test.context.support.DirtiesContextBeforeModesTestExecutionListener, org.springframework.test.context.support.DependencyInjectionTestExecutionListener, org.springframework.test.context.support.DirtiesContextTestExecutionListener, org.springframework.test.context.transaction.TransactionalTestExecutionListener, org.springframework.test.context.jdbc.SqlScriptsTestExecutionListener]
2018-12-07 18:36:05 [] -Using TestExecutionListeners: [org.springframework.test.context.web.ServletTestExecutionListener@18513c23, org.springframework.test.context.support.DirtiesContextBeforeModesTestExecutionListener@6be50b35, org.springframework.boot.test.autoconfigure.SpringBootDependencyInjectionTestExecutionListener@ce2eaa7, org.springframework.test.context.support.DirtiesContextTestExecutionListener@2166c48a, org.springframework.test.context.transaction.TransactionalTestExecutionListener@304744a1, org.springframework.test.context.jdbc.SqlScriptsTestExecutionListener@73385d3f, org.springframework.boot.test.autoconfigure.web.servlet.WebDriverTestExecutionListener@6814262d, org.springframework.boot.test.autoconfigure.restdocs.RestDocsTestExecutionListener@7fc1fd31, org.springframework.boot.test.mock.mockito.ResetMocksTestExecutionListener@75a9cc24, org.springframework.boot.test.mock.mockito.MockitoTestExecutionListener@4449a60b, org.springframework.boot.test.autoconfigure.web.servlet.MockMvcPrintOnlyOnFailureTestExecutionListener@da5d5e1, org.springframework.boot.test.autoconfigure.web.client.MockRestServiceServerResetTestExecutionListener@7d7d8911]
2018-12-07 18:36:17 [] -Closing org.springframework.web.context.support.GenericWebApplicationContext@2a7ed1f: startup date [Fri Dec 07 18:35:52 CST 2018]; root of context hierarchy
